# JRE version: OpenJDK Runtime Environment Temurin-21.0.10+7 (21.0.10+7) (build 21.0.10+7-LTS)
# Java VM: OpenJDK 64-Bit Server VM Temurin-21.0.10+7 (21.0.10+7-LTS, mixed mode, sharing, tiered, compressed oops, compressed class ptrs, parallel gc, windows-amd64)
GC Precious Log:
 CardTable entry size: 512
 CPUs: 8 total, 8 available
 Memory: 8075M
 Large Page Support: Disabled
 NUMA Support: Disabled
 Compressed Oops: Enabled (32-bit)
 Alignments: Space 512K, Generation 512K, Heap 2M
 Heap Min Capacity: 100M
 Heap Initial Capacity: 100M
 Heap Max Capacity: 2G
 Pre-touch: Disabled
 Parallel Workers: 8
Heap:
 PSYoungGen      total 23040K, used 22587K [0x00000000d5580000, 0x00000000d6e80000, 0x0000000100000000)
  eden space 22016K, 100% used [0x00000000d5580000,0x00000000d6b00000,0x00000000d6b00000)
  from space 1024K, 55% used [0x00000000d6d80000,0x00000000d6e0ec40,0x00000000d6e80000)
  to   space 1536K, 45% used [0x00000000d6b80000,0x00000000d6c2e900,0x00000000d6d00000)
 ParOldGen       total 68608K, used 58066K [0x0000000080000000, 0x0000000084300000, 0x00000000d5580000)
  object space 68608K, 84% used [0x0000000080000000,0x00000000838b49d0,0x0000000084300000)
 Metaspace       used 69341K, committed 70976K, reserved 1114112K
  class space    used 7251K, committed 7936K, reserved 1048576K
GC Heap History (20 events):
Event: 2661.747 GC heap after
{Heap after GC invocations=46 (full 3):
 PSYoungGen      total 23040K, used 853K [0x00000000d5580000, 0x00000000d7080000, 0x0000000100000000)
  eden space 22016K, 0% used [0x00000000d5580000,0x00000000d5580000,0x00000000d6b00000)
  from space 1024K, 83% used [0x00000000d6b80000,0x00000000d6c554d0,0x00000000d6c80000)
  to   space 2048K, 0% used [0x00000000d6e80000,0x00000000d6e80000,0x00000000d7080000)
 ParOldGen       total 68608K, used 49381K [0x0000000080000000, 0x0000000084300000, 0x00000000d5580000)
  object space 68608K, 71% used [0x0000000080000000,0x0000000083039798,0x0000000084300000)
 Metaspace       used 66817K, committed 68352K, reserved 1114112K
  class space    used 6972K, committed 7616K, reserved 1048576K
}
Event: 2661.768 GC heap before
{Heap before GC invocations=47 (full 3):
 PSYoungGen      total 23040K, used 22869K [0x00000000d5580000, 0x00000000d7080000, 0x0000000100000000)
  eden space 22016K, 100% used [0x00000000d5580000,0x00000000d6b00000,0x00000000d6b00000)
  from space 1024K, 83% used [0x00000000d6b80000,0x00000000d6c554d0,0x00000000d6c80000)
  to   space 2048K, 0% used [0x00000000d6e80000,0x00000000d6e80000,0x00000000d7080000)
 ParOldGen       total 68608K, used 49381K [0x0000000080000000, 0x0000000084300000, 0x00000000d5580000)
  object space 68608K, 71% used [0x0000000080000000,0x0000000083039798,0x0000000084300000)
 Metaspace       used 66817K, committed 68352K, reserved 1114112K
  class space    used 6972K, committed 7616K, reserved 1048576K
}
Event: 2661.770 GC heap after
{Heap after GC invocations=47 (full 3):
 PSYoungGen      total 23040K, used 867K [0x00000000d5580000, 0x00000000d6f80000, 0x0000000100000000)
  eden space 22016K, 0% used [0x00000000d5580000,0x00000000d5580000,0x00000000d6b00000)
  from space 1024K, 84% used [0x00000000d6e80000,0x00000000d6f58cd8,0x00000000d6f80000)
  to   space 1536K, 0% used [0x00000000d6c80000,0x00000000d6c80000,0x00000000d6e00000)
 ParOldGen       total 68608K, used 50128K [0x0000000080000000, 0x0000000084300000, 0x00000000d5580000)
  object space 68608K, 73% used [0x0000000080000000,0x00000000830f4348,0x0000000084300000)
 Metaspace       used 66817K, committed 68352K, reserved 1114112K
  class space    used 6972K, committed 7616K, reserved 1048576K
}
Event: 2661.793 GC heap before
{Heap before GC invocations=48 (full 3):
 PSYoungGen      total 23040K, used 22883K [0x00000000d5580000, 0x00000000d6f80000, 0x0000000100000000)
  eden space 22016K, 100% used [0x00000000d5580000,0x00000000d6b00000,0x00000000d6b00000)
  from space 1024K, 84% used [0x00000000d6e80000,0x00000000d6f58cd8,0x00000000d6f80000)
  to   space 1536K, 0% used [0x00000000d6c80000,0x00000000d6c80000,0x00000000d6e00000)
 ParOldGen       total 68608K, used 50128K [0x0000000080000000, 0x0000000084300000, 0x00000000d5580000)
  object space 68608K, 73% used [0x0000000080000000,0x00000000830f4348,0x0000000084300000)
 Metaspace       used 66988K, committed 68544K, reserved 1114112K
  class space    used 6981K, committed 7616K, reserved 1048576K
}
Event: 2661.796 GC heap after
{Heap after GC invocations=48 (full 3):
 PSYoungGen      total 23552K, used 774K [0x00000000d5580000, 0x00000000d6f00000, 0x0000000100000000)
  eden space 22016K, 0% used [0x00000000d5580000,0x00000000d5580000,0x00000000d6b00000)
  from space 1536K, 50% used [0x00000000d6c80000,0x00000000d6d41998,0x00000000d6e00000)
  to   space 1024K, 0% used [0x00000000d6e00000,0x00000000d6e00000,0x00000000d6f00000)
 ParOldGen       total 68608K, used 50868K [0x0000000080000000, 0x0000000084300000, 0x00000000d5580000)
  object space 68608K, 74% used [0x0000000080000000,0x00000000831ad0f8,0x0000000084300000)
 Metaspace       used 66988K, committed 68544K, reserved 1114112K
  class space    used 6981K, committed 7616K, reserved 1048576K
}
Event: 2661.817 GC heap before
{Heap before GC invocations=49 (full 3):
 PSYoungGen      total 23552K, used 22790K [0x00000000d5580000, 0x00000000d6f00000, 0x0000000100000000)
  eden space 22016K, 100% used [0x00000000d5580000,0x00000000d6b00000,0x00000000d6b00000)
  from space 1536K, 50% used [0x00000000d6c80000,0x00000000d6d41998,0x00000000d6e00000)
  to   space 1024K, 0% used [0x00000000d6e00000,0x00000000d6e00000,0x00000000d6f00000)
 ParOldGen       total 68608K, used 50868K [0x0000000080000000, 0x0000000084300000, 0x00000000d5580000)
  object space 68608K, 74% used [0x0000000080000000,0x00000000831ad0f8,0x0000000084300000)
 Metaspace       used 67076K, committed 68608K, reserved 1114112K
  class space    used 6991K, committed 7616K, reserved 1048576K
}
Event: 2661.819 GC heap after
{Heap after GC invocations=49 (full 3):
 PSYoungGen      total 23040K, used 769K [0x00000000d5580000, 0x00000000d6f00000, 0x0000000100000000)
  eden space 22016K, 0% used [0x00000000d5580000,0x00000000d5580000,0x00000000d6b00000)
  from space 1024K, 75% used [0x00000000d6e00000,0x00000000d6ec0640,0x00000000d6f00000)
  to   space 1024K, 0% used [0x00000000d6d00000,0x00000000d6d00000,0x00000000d6e00000)
 ParOldGen       total 68608K, used 51542K [0x0000000080000000, 0x0000000084300000, 0x00000000d5580000)
  object space 68608K, 75% used [0x0000000080000000,0x0000000083255ab0,0x0000000084300000)
 Metaspace       used 67076K, committed 68608K, reserved 1114112K
  class space    used 6991K, committed 7616K, reserved 1048576K
}
Event: 2661.843 GC heap before
{Heap before GC invocations=50 (full 3):
 PSYoungGen      total 23040K, used 22785K [0x00000000d5580000, 0x00000000d6f00000, 0x0000000100000000)
  eden space 22016K, 100% used [0x00000000d5580000,0x00000000d6b00000,0x00000000d6b00000)
  from space 1024K, 75% used [0x00000000d6e00000,0x00000000d6ec0640,0x00000000d6f00000)
  to   space 1024K, 0% used [0x00000000d6d00000,0x00000000d6d00000,0x00000000d6e00000)
 ParOldGen       total 68608K, used 51542K [0x0000000080000000, 0x0000000084300000, 0x00000000d5580000)
  object space 68608K, 75% used [0x0000000080000000,0x0000000083255ab0,0x0000000084300000)
 Metaspace       used 67099K, committed 68608K, reserved 1114112K
  class space    used 6992K, committed 7616K, reserved 1048576K
}
Event: 2661.845 GC heap after
{Heap after GC invocations=50 (full 3):
 PSYoungGen      total 23040K, used 1008K [0x00000000d5580000, 0x00000000d7000000, 0x0000000100000000)
  eden space 22016K, 0% used [0x00000000d5580000,0x00000000d5580000,0x00000000d6b00000)
  from space 1024K, 98% used [0x00000000d6d00000,0x00000000d6dfc010,0x00000000d6e00000)
  to   space 2048K, 0% used [0x00000000d6e00000,0x00000000d6e00000,0x00000000d7000000)
 ParOldGen       total 68608K, used 52414K [0x0000000080000000, 0x0000000084300000, 0x00000000d5580000)
  object space 68608K, 76% used [0x0000000080000000,0x000000008332fab0,0x0000000084300000)
 Metaspace       used 67099K, committed 68608K, reserved 1114112K
  class space    used 6992K, committed 7616K, reserved 1048576K
}
Event: 2661.896 GC heap before
{Heap before GC invocations=51 (full 3):
 PSYoungGen      total 23040K, used 23024K [0x00000000d5580000, 0x00000000d7000000, 0x0000000100000000)
  eden space 22016K, 100% used [0x00000000d5580000,0x00000000d6b00000,0x00000000d6b00000)
  from space 1024K, 98% used [0x00000000d6d00000,0x00000000d6dfc010,0x00000000d6e00000)
  to   space 2048K, 0% used [0x00000000d6e00000,0x00000000d6e00000,0x00000000d7000000)
 ParOldGen       total 68608K, used 52414K [0x0000000080000000, 0x0000000084300000, 0x00000000d5580000)
  object space 68608K, 76% used [0x0000000080000000,0x000000008332fab0,0x0000000084300000)
 Metaspace       used 67100K, committed 68608K, reserved 1114112K
  class space    used 6992K, committed 7616K, reserved 1048576K
}
Event: 2661.898 GC heap after
{Heap after GC invocations=51 (full 3):
 PSYoungGen      total 23552K, used 1295K [0x00000000d5580000, 0x00000000d6f80000, 0x0000000100000000)
  eden space 22016K, 0% used [0x00000000d5580000,0x00000000d5580000,0x00000000d6b00000)
  from space 1536K, 84% used [0x00000000d6e00000,0x00000000d6f43de0,0x00000000d6f80000)
  to   space 1536K, 0% used [0x00000000d6c80000,0x00000000d6c80000,0x00000000d6e00000)
 ParOldGen       total 68608K, used 53443K [0x0000000080000000, 0x0000000084300000, 0x00000000d5580000)
  object space 68608K, 77% used [0x0000000080000000,0x0000000083430f18,0x0000000084300000)
 Metaspace       used 67100K, committed 68608K, reserved 1114112K
  class space    used 6992K, committed 7616K, reserved 1048576K
}
Event: 2661.952 GC heap before
{Heap before GC invocations=52 (full 3):
 PSYoungGen      total 23552K, used 23311K [0x00000000d5580000, 0x00000000d6f80000, 0x0000000100000000)
  eden space 22016K, 100% used [0x00000000d5580000,0x00000000d6b00000,0x00000000d6b00000)
  from space 1536K, 84% used [0x00000000d6e00000,0x00000000d6f43de0,0x00000000d6f80000)
  to   space 1536K, 0% used [0x00000000d6c80000,0x00000000d6c80000,0x00000000d6e00000)
 ParOldGen       total 68608K, used 53443K [0x0000000080000000, 0x0000000084300000, 0x00000000d5580000)
  object space 68608K, 77% used [0x0000000080000000,0x0000000083430f18,0x0000000084300000)
 Metaspace       used 67285K, committed 68864K, reserved 1114112K
  class space    used 7006K, committed 7680K, reserved 1048576K
}
Event: 2661.954 GC heap after
{Heap after GC invocations=52 (full 3):
 PSYoungGen      total 23552K, used 1531K [0x00000000d5580000, 0x00000000d6f00000, 0x0000000100000000)
  eden space 22016K, 0% used [0x00000000d5580000,0x00000000d5580000,0x00000000d6b00000)
  from space 1536K, 99% used [0x00000000d6c80000,0x00000000d6dfefb8,0x00000000d6e00000)
  to   space 1024K, 0% used [0x00000000d6e00000,0x00000000d6e00000,0x00000000d6f00000)
 ParOldGen       total 68608K, used 54654K [0x0000000080000000, 0x0000000084300000, 0x00000000d5580000)
  object space 68608K, 79% used [0x0000000080000000,0x000000008355f950,0x0000000084300000)
 Metaspace       used 67285K, committed 68864K, reserved 1114112K
  class space    used 7006K, committed 7680K, reserved 1048576K
}
Event: 2661.990 GC heap before
{Heap before GC invocations=53 (full 3):
 PSYoungGen      total 23552K, used 23547K [0x00000000d5580000, 0x00000000d6f00000, 0x0000000100000000)
  eden space 22016K, 100% used [0x00000000d5580000,0x00000000d6b00000,0x00000000d6b00000)
  from space 1536K, 99% used [0x00000000d6c80000,0x00000000d6dfefb8,0x00000000d6e00000)
  to   space 1024K, 0% used [0x00000000d6e00000,0x00000000d6e00000,0x00000000d6f00000)
 ParOldGen       total 68608K, used 54654K [0x0000000080000000, 0x0000000084300000, 0x00000000d5580000)
  object space 68608K, 79% used [0x0000000080000000,0x000000008355f950,0x0000000084300000)
 Metaspace       used 67450K, committed 68992K, reserved 1114112K
  class space    used 7022K, committed 7680K, reserved 1048576K
}
Event: 2661.992 GC heap after
{Heap after GC invocations=53 (full 3):
 PSYoungGen      total 22528K, used 480K [0x00000000d5580000, 0x00000000d6e80000, 0x0000000100000000)
  eden space 22016K, 0% used [0x00000000d5580000,0x00000000d5580000,0x00000000d6b00000)
  from space 512K, 93% used [0x00000000d6e00000,0x00000000d6e78000,0x00000000d6e80000)
  to   space 1024K, 0% used [0x00000000d6c80000,0x00000000d6c80000,0x00000000d6d80000)
 ParOldGen       total 68608K, used 56115K [0x0000000080000000, 0x0000000084300000, 0x00000000d5580000)
  object space 68608K, 81% used [0x0000000080000000,0x00000000836ccf88,0x0000000084300000)
 Metaspace       used 67450K, committed 68992K, reserved 1114112K
  class space    used 7022K, committed 7680K, reserved 1048576K
}
Event: 2662.095 GC heap before
{Heap before GC invocations=54 (full 3):
 PSYoungGen      total 22528K, used 22496K [0x00000000d5580000, 0x00000000d6e80000, 0x0000000100000000)
  eden space 22016K, 100% used [0x00000000d5580000,0x00000000d6b00000,0x00000000d6b00000)
  from space 512K, 93% used [0x00000000d6e00000,0x00000000d6e78000,0x00000000d6e80000)
  to   space 1024K, 0% used [0x00000000d6c80000,0x00000000d6c80000,0x00000000d6d80000)
 ParOldGen       total 68608K, used 56115K [0x0000000080000000, 0x0000000084300000, 0x00000000d5580000)
  object space 68608K, 81% used [0x0000000080000000,0x00000000836ccf88,0x0000000084300000)
 Metaspace       used 67795K, committed 69312K, reserved 1114112K
  class space    used 7063K, committed 7680K, reserved 1048576K
}
Event: 2662.098 GC heap after
{Heap after GC invocations=54 (full 3):
 PSYoungGen      total 23040K, used 1004K [0x00000000d5580000, 0x00000000d7000000, 0x0000000100000000)
  eden space 22016K, 0% used [0x00000000d5580000,0x00000000d5580000,0x00000000d6b00000)
  from space 1024K, 98% used [0x00000000d6c80000,0x00000000d6d7b1e0,0x00000000d6d80000)
  to   space 2560K, 0% used [0x00000000d6d80000,0x00000000d6d80000,0x00000000d7000000)
 ParOldGen       total 68608K, used 56947K [0x0000000080000000, 0x0000000084300000, 0x00000000d5580000)
  object space 68608K, 83% used [0x0000000080000000,0x000000008379cfa8,0x0000000084300000)
 Metaspace       used 67795K, committed 69312K, reserved 1114112K
  class space    used 7063K, committed 7680K, reserved 1048576K
}
Event: 2662.163 GC heap before
{Heap before GC invocations=55 (full 3):
 PSYoungGen      total 23040K, used 23020K [0x00000000d5580000, 0x00000000d7000000, 0x0000000100000000)
  eden space 22016K, 99% used [0x00000000d5580000,0x00000000d6afffa8,0x00000000d6b00000)
  from space 1024K, 98% used [0x00000000d6c80000,0x00000000d6d7b1e0,0x00000000d6d80000)
  to   space 2560K, 0% used [0x00000000d6d80000,0x00000000d6d80000,0x00000000d7000000)
 ParOldGen       total 68608K, used 56947K [0x0000000080000000, 0x0000000084300000, 0x00000000d5580000)
  object space 68608K, 83% used [0x0000000080000000,0x000000008379cfa8,0x0000000084300000)
 Metaspace       used 67989K, committed 69568K, reserved 1114112K
  class space    used 7074K, committed 7744K, reserved 1048576K
}
Event: 2662.165 GC heap after
{Heap after GC invocations=55 (full 3):
 PSYoungGen      total 23040K, used 571K [0x00000000d5580000, 0x00000000d6e80000, 0x0000000100000000)
  eden space 22016K, 0% used [0x00000000d5580000,0x00000000d5580000,0x00000000d6b00000)
  from space 1024K, 55% used [0x00000000d6d80000,0x00000000d6e0ec40,0x00000000d6e80000)
  to   space 1536K, 0% used [0x00000000d6b80000,0x00000000d6b80000,0x00000000d6d00000)
 ParOldGen       total 68608K, used 57930K [0x0000000080000000, 0x0000000084300000, 0x00000000d5580000)
  object space 68608K, 84% used [0x0000000080000000,0x00000000838929d0,0x0000000084300000)
 Metaspace       used 67989K, committed 69568K, reserved 1114112K
  class space    used 7074K, committed 7744K, reserved 1048576K
}
Event: 2993.270 GC heap before
{Heap before GC invocations=56 (full 3):
 PSYoungGen      total 23040K, used 22587K [0x00000000d5580000, 0x00000000d6e80000, 0x0000000100000000)
  eden space 22016K, 100% used [0x00000000d5580000,0x00000000d6b00000,0x00000000d6b00000)
  from space 1024K, 55% used [0x00000000d6d80000,0x00000000d6e0ec40,0x00000000d6e80000)
  to   space 1536K, 0% used [0x00000000d6b80000,0x00000000d6b80000,0x00000000d6d00000)
 ParOldGen       total 68608K, used 57930K [0x0000000080000000, 0x0000000084300000, 0x00000000d5580000)
  object space 68608K, 84% used [0x0000000080000000,0x00000000838929d0,0x0000000084300000)
 Metaspace       used 69341K, committed 70976K, reserved 1114112K
  class space    used 7251K, committed 7936K, reserved 1048576K
}

